c:\programming\c++\opengl projects\fre\fre\x64\debug\vc142.pdb
c:\programming\c++\opengl projects\fre\fre\x64\debug\vc142.idb
c:\programming\c++\opengl projects\fre\fre\x64\debug\main.obj
c:\programming\c++\opengl projects\fre\fre\x64\debug\engine.obj
c:\programming\c++\opengl projects\fre\fre\x64\debug\staticobj.obj
c:\programming\c++\opengl projects\fre\fre\x64\debug\shader.obj
c:\programming\c++\opengl projects\fre\fre\x64\debug\scene.obj
c:\programming\c++\opengl projects\fre\fre\x64\debug\mesh.obj
c:\programming\c++\opengl projects\fre\fre\x64\debug\elementbuffer.obj
c:\programming\c++\opengl projects\fre\fre\x64\debug\renderer.obj
c:\programming\c++\opengl projects\fre\fre\x64\debug\level1.obj
c:\programming\c++\opengl projects\fre\fre\x64\debug\physobj.obj
c:\programming\c++\opengl projects\fre\fre\x64\debug\rigidbody.obj
c:\programming\c++\opengl projects\fre\fre\x64\debug\skybox.obj
c:\programming\c++\opengl projects\fre\fre\x64\debug\planet.obj
c:\programming\c++\opengl projects\fre\fre\x64\debug\plane.obj
c:\programming\c++\opengl projects\fre\fre\x64\debug\mathalgorithms.obj
c:\programming\c++\opengl projects\fre\fre\x64\debug\simulation.obj
c:\programming\c++\opengl projects\fre\fre\x64\debug\physicsenvironment.obj
c:\programming\c++\opengl projects\fre\fre\x64\debug\attractingobj.obj
c:\programming\c++\opengl projects\fre\fre\x64\debug\nonattractingobj.obj
c:\programming\c++\opengl projects\fre\fre\x64\debug\level1physics.obj
c:\programming\c++\opengl projects\fre\fre\x64\debug\texture.obj
c:\programming\c++\opengl projects\fre\fre\x64\debug\vertexbuffer.obj
c:\programming\c++\opengl projects\fre\fre\x64\debug\stb_image.obj
c:\programming\c++\opengl projects\fre\x64\debug\fre.exe
c:\programming\c++\opengl projects\fre\x64\debug\fre.ilk
c:\programming\c++\opengl projects\fre\x64\debug\fre.pdb
c:\programming\c++\opengl projects\fre\fre\x64\debug\fre.tlog\cl.command.1.tlog
c:\programming\c++\opengl projects\fre\fre\x64\debug\fre.tlog\cl.read.1.tlog
c:\programming\c++\opengl projects\fre\fre\x64\debug\fre.tlog\cl.write.1.tlog
c:\programming\c++\opengl projects\fre\fre\x64\debug\fre.tlog\link.command.1.tlog
c:\programming\c++\opengl projects\fre\fre\x64\debug\fre.tlog\link.read.1.tlog
c:\programming\c++\opengl projects\fre\fre\x64\debug\fre.tlog\link.write.1.tlog
