  Level1Physics.cpp
C:\Programming\C++\OpenGL Projects\FRE\FRE\src\Camera\Camera.h(96,36): warning C4244: '=': conversion from 'double' to 'T', possible loss of data
          with
          [
              T=float
          ]
C:\Programming\C++\OpenGL Projects\FRE\FRE\src\Camera\Camera.h(97,16): warning C4244: '=': conversion from 'double' to 'T', possible loss of data
          with
          [
              T=float
          ]
C:\Programming\C++\OpenGL Projects\FRE\FRE\src\Camera\Camera.h(98,36): warning C4244: '=': conversion from 'double' to 'T', possible loss of data
          with
          [
              T=float
          ]
C:\Programming\C++\OpenGL Projects\FRE\FRE\src\Objects\Planet.h(28,1): warning C4244: '*=': conversion from 'double' to 'T', possible loss of data
          with
          [
              T=float
          ]
C:\Programming\C++\OpenGL Projects\FRE\FRE\src\Objects\Planet.h(29,1): warning C4244: '*=': conversion from 'double' to 'T', possible loss of data
          with
          [
              T=float
          ]
C:\Programming\C++\OpenGL Projects\FRE\FRE\src\Objects\Planet.h(30,1): warning C4244: '*=': conversion from 'double' to 'T', possible loss of data
          with
          [
              T=float
          ]
C:\Programming\C++\OpenGL Projects\FRE\FRE\src\Objects\Planet.h(31,1): warning C4244: '*=': conversion from 'double' to 'T', possible loss of data
          with
          [
              T=float
          ]
C:\Programming\C++\OpenGL Projects\FRE\FRE\src\Objects\Planet.h(32,1): warning C4244: '*=': conversion from 'double' to 'T', possible loss of data
          with
          [
              T=float
          ]
C:\Programming\C++\OpenGL Projects\FRE\FRE\src\Objects\Planet.h(33,1): warning C4244: '*=': conversion from 'double' to 'T', possible loss of data
          with
          [
              T=float
          ]
C:\Programming\C++\OpenGL Projects\FRE\FRE\src\Objects\Planet.h(34,1): warning C4244: '*=': conversion from 'double' to 'T', possible loss of data
          with
          [
              T=float
          ]
C:\Programming\C++\OpenGL Projects\FRE\FRE\src\Objects\Planet.h(35,1): warning C4244: '*=': conversion from 'double' to 'T', possible loss of data
          with
          [
              T=float
          ]
C:\Programming\C++\OpenGL Projects\FRE\FRE\src\Objects\Planet.h(36,1): warning C4244: '*=': conversion from 'double' to 'T', possible loss of data
          with
          [
              T=float
          ]
  FRE.vcxproj -> C:\Programming\C++\OpenGL Projects\FRE\x64\Debug\FRE.exe
